# JRE version: Java(TM) SE Runtime Environment (8.0_181-b13) (build 1.8.0_181-b13)
# Java VM: Java HotSpot(TM) 64-Bit Server VM (25.181-b13 mixed mode windows-amd64 compressed oops)
Heap:
 PSYoungGen      total 668160K, used 34428K [0x00000000d5f00000, 0x0000000100000000, 0x0000000100000000)
  eden space 647168K, 4% used [0x00000000d5f00000,0x00000000d7dab4a8,0x00000000fd700000)
  from space 20992K, 14% used [0x00000000fd700000,0x00000000fd9f3ed0,0x00000000feb80000)
  to   space 20992K, 0% used [0x00000000feb80000,0x00000000feb80000,0x0000000100000000)
 ParOldGen       total 168448K, used 73030K [0x0000000081c00000, 0x000000008c080000, 0x00000000d5f00000)
  object space 168448K, 43% used [0x0000000081c00000,0x0000000086351808,0x000000008c080000)
 Metaspace       used 57029K, capacity 60076K, committed 60184K, reserved 1101824K
  class space    used 7524K, capacity 8022K, committed 8064K, reserved 1048576K
GC Heap History (10 events):
Event: 15.241 GC heap before
{Heap before GC invocations=16 (full 2):
 PSYoungGen      total 418816K, used 418811K [0x00000000d5f00000, 0x00000000f7f80000, 0x0000000100000000)
  eden space 406016K, 100% used [0x00000000d5f00000,0x00000000eeb80000,0x00000000eeb80000)
  from space 12800K, 99% used [0x00000000eeb80000,0x00000000ef7fee80,0x00000000ef800000)
  to   space 14848K, 0% used [0x00000000f7100000,0x00000000f7100000,0x00000000f7f80000)
 ParOldGen       total 73216K, used 17907K [0x0000000081c00000, 0x0000000086380000, 0x00000000d5f00000)
  object space 73216K, 24% used [0x0000000081c00000,0x0000000082d7ce58,0x0000000086380000)
 Metaspace       used 47188K, capacity 49926K, committed 50304K, reserved 1093632K
  class space    used 6249K, capacity 6705K, committed 6784K, reserved 1048576K
Event: 15.264 GC heap after
Heap after GC invocations=16 (full 2):
 PSYoungGen      total 538112K, used 14848K [0x00000000d5f00000, 0x00000000f8b80000, 0x0000000100000000)
  eden space 523264K, 0% used [0x00000000d5f00000,0x00000000d5f00000,0x00000000f5e00000)
  from space 14848K, 100% used [0x00000000f7100000,0x00000000f7f80000,0x00000000f7f80000)
  to   space 19456K, 0% used [0x00000000f5e00000,0x00000000f5e00000,0x00000000f7100000)
 ParOldGen       total 73216K, used 24559K [0x0000000081c00000, 0x0000000086380000, 0x00000000d5f00000)
  object space 73216K, 33% used [0x0000000081c00000,0x00000000833fbd70,0x0000000086380000)
 Metaspace       used 47188K, capacity 49926K, committed 50304K, reserved 1093632K
  class space    used 6249K, capacity 6705K, committed 6784K, reserved 1048576K
}
Event: 16.847 GC heap before
{Heap before GC invocations=17 (full 2):
 PSYoungGen      total 538112K, used 538112K [0x00000000d5f00000, 0x00000000f8b80000, 0x0000000100000000)
  eden space 523264K, 100% used [0x00000000d5f00000,0x00000000f5e00000,0x00000000f5e00000)
  from space 14848K, 100% used [0x00000000f7100000,0x00000000f7f80000,0x00000000f7f80000)
  to   space 19456K, 0% used [0x00000000f5e00000,0x00000000f5e00000,0x00000000f7100000)
 ParOldGen       total 73216K, used 24559K [0x0000000081c00000, 0x0000000086380000, 0x00000000d5f00000)
  object space 73216K, 33% used [0x0000000081c00000,0x00000000833fbd70,0x0000000086380000)
 Metaspace       used 47227K, capacity 49990K, committed 50304K, reserved 1093632K
  class space    used 6253K, capacity 6705K, committed 6784K, reserved 1048576K
Event: 16.881 GC heap after
Heap after GC invocations=17 (full 2):
 PSYoungGen      total 542720K, used 7136K [0x00000000d5f00000, 0x0000000100000000, 0x0000000100000000)
  eden space 523264K, 0% used [0x00000000d5f00000,0x00000000d5f00000,0x00000000f5e00000)
  from space 19456K, 36% used [0x00000000f5e00000,0x00000000f64f8000,0x00000000f7100000)
  to   space 18432K, 0% used [0x00000000fee00000,0x00000000fee00000,0x0000000100000000)
 ParOldGen       total 73216K, used 33666K [0x0000000081c00000, 0x0000000086380000, 0x00000000d5f00000)
  object space 73216K, 45% used [0x0000000081c00000,0x0000000083ce0998,0x0000000086380000)
 Metaspace       used 47227K, capacity 49990K, committed 50304K, reserved 1093632K
  class space    used 6253K, capacity 6705K, committed 6784K, reserved 1048576K
}
Event: 18.224 GC heap before
{Heap before GC invocations=18 (full 2):
 PSYoungGen      total 542720K, used 530400K [0x00000000d5f00000, 0x0000000100000000, 0x0000000100000000)
  eden space 523264K, 100% used [0x00000000d5f00000,0x00000000f5e00000,0x00000000f5e00000)
  from space 19456K, 36% used [0x00000000f5e00000,0x00000000f64f8000,0x00000000f7100000)
  to   space 18432K, 0% used [0x00000000fee00000,0x00000000fee00000,0x0000000100000000)
 ParOldGen       total 73216K, used 33666K [0x0000000081c00000, 0x0000000086380000, 0x00000000d5f00000)
  object space 73216K, 45% used [0x0000000081c00000,0x0000000083ce0998,0x0000000086380000)
 Metaspace       used 47475K, capacity 50214K, committed 50560K, reserved 1093632K
  class space    used 6282K, capacity 6737K, committed 6784K, reserved 1048576K
Event: 18.251 GC heap after
Heap after GC invocations=18 (full 2):
 PSYoungGen      total 665600K, used 17680K [0x00000000d5f00000, 0x0000000100000000, 0x0000000100000000)
  eden space 647168K, 0% used [0x00000000d5f00000,0x00000000d5f00000,0x00000000fd700000)
  from space 18432K, 95% used [0x00000000fee00000,0x00000000fff44118,0x0000000100000000)
  to   space 20992K, 0% used [0x00000000fd700000,0x00000000fd700000,0x00000000feb80000)
 ParOldGen       total 73216K, used 34338K [0x0000000081c00000, 0x0000000086380000, 0x00000000d5f00000)
  object space 73216K, 46% used [0x0000000081c00000,0x0000000083d88998,0x0000000086380000)
 Metaspace       used 47475K, capacity 50214K, committed 50560K, reserved 1093632K
  class space    used 6282K, capacity 6737K, committed 6784K, reserved 1048576K
}
Event: 26.688 GC heap before
{Heap before GC invocations=19 (full 2):
 PSYoungGen      total 665600K, used 421638K [0x00000000d5f00000, 0x0000000100000000, 0x0000000100000000)
  eden space 647168K, 62% used [0x00000000d5f00000,0x00000000ee97da50,0x00000000fd700000)
  from space 18432K, 95% used [0x00000000fee00000,0x00000000fff44118,0x0000000100000000)
  to   space 20992K, 0% used [0x00000000fd700000,0x00000000fd700000,0x00000000feb80000)
 ParOldGen       total 73216K, used 34338K [0x0000000081c00000, 0x0000000086380000, 0x00000000d5f00000)
  object space 73216K, 46% used [0x0000000081c00000,0x0000000083d88998,0x0000000086380000)
 Metaspace       used 56132K, capacity 59018K, committed 59160K, reserved 1101824K
  class space    used 7308K, capacity 7759K, committed 7808K, reserved 1048576K
Event: 26.897 GC heap after
Heap after GC invocations=19 (full 2):
 PSYoungGen      total 668160K, used 20966K [0x00000000d5f00000, 0x0000000100000000, 0x0000000100000000)
  eden space 647168K, 0% used [0x00000000d5f00000,0x00000000d5f00000,0x00000000fd700000)
  from space 20992K, 99% used [0x00000000fd700000,0x00000000feb79b60,0x00000000feb80000)
  to   space 20992K, 0% used [0x00000000feb80000,0x00000000feb80000,0x0000000100000000)
 ParOldGen       total 73216K, used 62494K [0x0000000081c00000, 0x0000000086380000, 0x00000000d5f00000)
  object space 73216K, 85% used [0x0000000081c00000,0x0000000085907bf0,0x0000000086380000)
 Metaspace       used 56132K, capacity 59018K, committed 59160K, reserved 1101824K
  class space    used 7308K, capacity 7759K, committed 7808K, reserved 1048576K
}
Event: 26.900 GC heap before
{Heap before GC invocations=20 (full 3):
 PSYoungGen      total 668160K, used 20966K [0x00000000d5f00000, 0x0000000100000000, 0x0000000100000000)
  eden space 647168K, 0% used [0x00000000d5f00000,0x00000000d5f00000,0x00000000fd700000)
  from space 20992K, 99% used [0x00000000fd700000,0x00000000feb79b60,0x00000000feb80000)
  to   space 20992K, 0% used [0x00000000feb80000,0x00000000feb80000,0x0000000100000000)
 ParOldGen       total 73216K, used 62494K [0x0000000081c00000, 0x0000000086380000, 0x00000000d5f00000)
  object space 73216K, 85% used [0x0000000081c00000,0x0000000085907bf0,0x0000000086380000)
 Metaspace       used 56132K, capacity 59018K, committed 59160K, reserved 1101824K
  class space    used 7308K, capacity 7759K, committed 7808K, reserved 1048576K
Event: 28.383 GC heap after
Heap after GC invocations=20 (full 3):
 PSYoungGen      total 668160K, used 3023K [0x00000000d5f00000, 0x0000000100000000, 0x0000000100000000)
  eden space 647168K, 0% used [0x00000000d5f00000,0x00000000d5f00000,0x00000000fd700000)
  from space 20992K, 14% used [0x00000000fd700000,0x00000000fd9f3ed0,0x00000000feb80000)
  to   space 20992K, 0% used [0x00000000feb80000,0x00000000feb80000,0x0000000100000000)
 ParOldGen       total 168448K, used 73030K [0x0000000081c00000, 0x000000008c080000, 0x00000000d5f00000)
  object space 168448K, 43% used [0x0000000081c00000,0x0000000086351808,0x000000008c080000)
 Metaspace       used 56132K, capacity 59018K, committed 59160K, reserved 1101824K
  class space    used 7308K, capacity 7759K, committed 7808K, reserved 1048576K
}

